<?xml version="1.0" encoding="UTF-8"?>
<!-- Generated by org.testng.reporters.JUnitReportReporter -->
<testsuite hostname="Abhishek" failures="0" tests="2" name="testcases.RegisterTestCases" time="3.965" errors="0" timestamp="2024-01-13T00:25:21 IST" skipped="0">
  <testcase classname="testcases.RegisterTestCases" name="verifyRegisterationWithBlankData" time="2.261"/>
  <system-out/>
  <testcase classname="testcases.RegisterTestCases" name="verifyRegisterationWithValidData" time="1.704"/>
  <system-out/>
</testsuite> <!-- testcases.RegisterTestCases -->
