<?xml version="1.0" encoding="UTF-8"?>
<!-- Generated by org.testng.reporters.JUnitReportReporter -->
<testsuite hostname="Abhishek" failures="0" tests="4" name="Demo1.PriorityDemoTestng" time="0.022" errors="0" timestamp="2024-01-01T08:24:22 IST" skipped="0">
  <testcase classname="Demo1.PriorityDemoTestng" name="methodThree" time="0.010"/>
  <system-out/>
  <testcase classname="Demo1.PriorityDemoTestng" name="methodOne" time="0.003"/>
  <system-out/>
  <testcase classname="Demo1.PriorityDemoTestng" name="methodTwo" time="0.004"/>
  <system-out/>
  <testcase classname="Demo1.PriorityDemoTestng" name="methodfour" time="0.005"/>
  <system-out/>
</testsuite> <!-- Demo1.PriorityDemoTestng -->
