<?xml version="1.0" encoding="UTF-8"?>
<!-- Generated by org.testng.reporters.JUnitReportReporter -->
<testsuite hostname="Abhishek" failures="0" tests="13" name="Demo1.differentAnnotation" time="0.063" errors="0" timestamp="2024-01-02T08:33:01 IST" skipped="0">
  <testcase classname="Demo1.differentAnnotation" name="method1" time="0.004"/>
  <system-out/>
  <testcase classname="Demo1.differentAnnotation" name="method1" time="0.003"/>
  <system-out/>
  <testcase classname="Demo1.differentAnnotation" name="method1" time="0.004"/>
  <system-out/>
  <testcase classname="Demo1.differentAnnotation" name="method1" time="0.004"/>
  <system-out/>
  <testcase classname="Demo1.differentAnnotation" name="method2" time="0.005"/>
  <system-out/>
  <testcase classname="Demo1.differentAnnotation" name="method1" time="0.005"/>
  <system-out/>
  <testcase classname="Demo1.differentAnnotation" name="method1" time="0.001"/>
  <system-out/>
  <testcase classname="Demo1.differentAnnotation" name="method1" time="0.005"/>
  <system-out/>
  <testcase classname="Demo1.differentAnnotation" name="method1" time="0.003"/>
  <system-out/>
  <testcase classname="Demo1.differentAnnotation" name="method1" time="0.014"/>
  <system-out/>
  <testcase classname="Demo1.differentAnnotation" name="method1" time="0.003"/>
  <system-out/>
  <testcase classname="Demo1.differentAnnotation" name="method1" time="0.003"/>
  <system-out/>
  <testcase classname="Demo1.differentAnnotation" name="method1" time="0.009"/>
  <system-out/>
</testsuite> <!-- Demo1.differentAnnotation -->
