<?xml version="1.0" encoding="UTF-8"?>
<!-- Generated by org.testng.reporters.JUnitReportReporter -->
<testsuite hostname="Abhishek" failures="0" tests="2" name="Demo1.Test1" time="0.032" errors="0" timestamp="2024-01-01T08:31:08 IST" skipped="0">
  <testcase classname="Demo1.Test1" name="method1" time="0.019"/>
  <system-out/>
  <testcase classname="Demo1.Test1" name="method2" time="0.013"/>
  <system-out/>
</testsuite> <!-- Demo1.Test1 -->
