<?xml version="1.0" encoding="UTF-8"?>
<!-- Generated by org.testng.reporters.JUnitReportReporter -->
<testsuite hostname="Abhishek" failures="0" tests="1" name="Demo1.ParameterTest" time="0.015" errors="0" timestamp="2024-01-02T08:25:50 IST" skipped="0">
  <testcase classname="Demo1.ParameterTest" name="method" time="0.015"/>
  <system-out/>
</testsuite> <!-- Demo1.ParameterTest -->
