<?xml version="1.0" encoding="UTF-8"?>
<!-- Generated by org.testng.reporters.JUnitReportReporter -->
<testsuite hostname="Abhishek" failures="0" tests="1" name="Demo1.Assertion_InvalidCreditional" time="15.077" errors="0" timestamp="2024-01-04T08:27:00 IST" skipped="0">
  <testcase classname="Demo1.Assertion_InvalidCreditional" name="verifyValidTC" time="15.077"/>
  <system-out/>
</testsuite> <!-- Demo1.Assertion_InvalidCreditional -->
