<?xml version="1.0" encoding="UTF-8"?>
<!-- Generated by org.testng.reporters.JUnitReportReporter -->
<testsuite hostname="Abhishek" failures="0" tests="4" name="Demo2.Test2" time="0.010" errors="0" timestamp="2024-01-01T08:31:08 IST" skipped="0">
  <testcase classname="Demo2.Test2" name="method1" time="0.003"/>
  <system-out/>
  <testcase classname="Demo2.Test2" name="method2" time="0.003"/>
  <system-out/>
  <testcase classname="Demo2.Test2" name="method1" time="0.003"/>
  <system-out/>
  <testcase classname="Demo2.Test2" name="method2" time="0.001"/>
  <system-out/>
</testsuite> <!-- Demo2.Test2 -->
