<?xml version="1.0" encoding="UTF-8"?>
<!-- Generated by org.testng.reporters.JUnitReportReporter -->
<testsuite hostname="Abhishek" failures="0" tests="1" name="Demo1.GroupDemo" time="0.013" errors="0" timestamp="2024-01-01T09:10:16 IST" skipped="0">
  <testcase classname="Demo1.GroupDemo" name="method2" time="0.013"/>
  <system-out/>
</testsuite> <!-- Demo1.GroupDemo -->
