<?xml version="1.0" encoding="UTF-8"?>
<!-- Generated by org.testng.reporters.JUnitReportReporter -->
<testsuite hostname="Abhishek" failures="0" tests="1" name="testcases.LoginTestCases" time="4.491" errors="0" timestamp="2024-01-13T00:25:21 IST" skipped="0">
  <testcase classname="testcases.LoginTestCases" name="ValidLoginTest" time="4.491"/>
  <system-out/>
</testsuite> <!-- testcases.LoginTestCases -->
