<?xml version="1.0" encoding="UTF-8"?>
<!-- Generated by org.testng.reporters.JUnitReportReporter -->
<testsuite hostname="Abhishek" failures="0" tests="1" name="Demo1.paramterDemo" time="8.568" errors="0" timestamp="2024-01-01T21:45:55 IST" skipped="0">
  <testcase classname="Demo1.paramterDemo" name="method1" time="8.568"/>
  <system-out/>
</testsuite> <!-- Demo1.paramterDemo -->
