<?xml version="1.0" encoding="UTF-8"?>
<!-- Generated by org.testng.reporters.JUnitReportReporter -->
<testsuite hostname="Abhishek" failures="0" tests="2" name="Demo1.DataProviderDemo" time="10.845" errors="0" timestamp="2024-01-01T23:25:36 IST" skipped="0">
  <testcase classname="Demo1.DataProviderDemo" name="LoginPage" time="4.475"/>
  <system-out/>
  <testcase classname="Demo1.DataProviderDemo" name="LoginPage" time="6.370"/>
  <system-out/>
</testsuite> <!-- Demo1.DataProviderDemo -->
