<?xml version="1.0" encoding="UTF-8"?>
<!-- Generated by org.testng.reporters.JUnitReportReporter -->
<testsuite hostname="Abhishek" failures="0" tests="2" name="Demo2.Sample" time="0.020" errors="0" timestamp="2024-01-02T22:51:43 IST" skipped="0">
  <testcase classname="Demo2.Sample" name="validateUserName" time="0.004"/>
  <system-out/>
  <testcase classname="Demo2.Sample" name="validateGender" time="0.016"/>
  <system-out/>
</testsuite> <!-- Demo2.Sample -->
