<?xml version="1.0" encoding="UTF-8"?>
<!-- Generated by org.testng.reporters.JUnitReportReporter -->
<testsuite hostname="Abhishek" failures="0" tests="4" name="Demo1.PriorityDemo1" time="0.016" errors="0" timestamp="2024-01-01T08:20:15 IST" skipped="0">
  <testcase classname="Demo1.PriorityDemo1" name="methodThree" time="0.010"/>
  <system-out/>
  <testcase classname="Demo1.PriorityDemo1" name="methodOne" time="0.002"/>
  <system-out/>
  <testcase classname="Demo1.PriorityDemo1" name="methodFour" time="0.002"/>
  <system-out/>
  <testcase classname="Demo1.PriorityDemo1" name="methodTwo" time="0.002"/>
  <system-out/>
</testsuite> <!-- Demo1.PriorityDemo1 -->
