<?xml version="1.0" encoding="UTF-8"?>
<!-- Generated by org.testng.reporters.JUnitReportReporter -->
<testsuite hostname="Abhishek" failures="0" tests="5" name="Demo1.dependsondemo" time="0.038" errors="0" timestamp="2024-01-01T08:52:52 IST" skipped="0">
  <testcase classname="Demo1.dependsondemo" name="method3" time="0.003"/>
  <system-out/>
  <testcase classname="Demo1.dependsondemo" name="method4" time="0.002"/>
  <system-out/>
  <testcase classname="Demo1.dependsondemo" name="method2" time="0.023"/>
  <system-out/>
  <testcase classname="Demo1.dependsondemo" name="method5" time="0.008"/>
  <system-out/>
  <testcase classname="Demo1.dependsondemo" name="method1" time="0.002"/>
  <system-out/>
</testsuite> <!-- Demo1.dependsondemo -->
