<?xml version="1.0" encoding="UTF-8"?>
<!-- Generated by org.testng.reporters.JUnitReportReporter -->
<testsuite hostname="Abhishek" failures="0" tests="1" name="Demo1.Assertion_Example" time="18.530" errors="0" timestamp="2024-01-02T16:17:47 IST" skipped="0">
  <testcase classname="Demo1.Assertion_Example" name="verifyValidTC" time="18.530"/>
  <system-out/>
</testsuite> <!-- Demo1.Assertion_Example -->
